<?xml version="1.0" encoding="UTF-8"?>
<testsuite xmlns:xsi="http://www.w3.org/2001/XMLSchema-instance" xsi:noNamespaceSchemaLocation="https://maven.apache.org/surefire/maven-surefire-plugin/xsd/surefire-test-report.xsd" name="com.trade.store.tradestore.TradeStoreApplicationTests" time="108.407" tests="5" errors="0" skipped="0" failures="0">
  <properties>
[...]
</properties>
  <testcase name="shouldRejectOldMaturityDate" classname="com.trade.store.tradestore.TradeStoreApplicationTests" time="27.494"/>
  <testcase name="shouldRejectPreviousVersion" classname="com.trade.store.tradestore.TradeStoreApplicationTests" time="0.004"/>
  <testcase name="shouldAddValidTrade" classname="com.trade.store.tradestore.TradeStoreApplicationTests" time="0.007"/>
  <testcase name="shouldOverwriteSameVersion" classname="com.trade.store.tradestore.TradeStoreApplicationTests" time="0.003"/>
  <testcase name="shouldUpdateExpiredFlag" classname="com.trade.store.tradestore.TradeStoreApplicationTests" time="0.004"/>
</testsuite>